mode: set
github.com/jjeffery/sqlf/private/dialect/dialect.go:30.31,32.31 1 1
github.com/jjeffery/sqlf/private/dialect/dialect.go:33.2,34.19 1 1
github.com/jjeffery/sqlf/private/dialect/dialect.go:35.2,36.22 1 1
github.com/jjeffery/sqlf/private/dialect/dialect.go:37.2,38.22 1 1
github.com/jjeffery/sqlf/private/dialect/dialect.go:39.2,40.23 1 1
github.com/jjeffery/sqlf/private/dialect/dialect.go:41.2,42.24 1 1
github.com/jjeffery/sqlf/private/dialect/dialect.go:53.33,55.2 1 1
github.com/jjeffery/sqlf/private/dialect/dialect.go:57.45,59.2 1 1
github.com/jjeffery/sqlf/private/dialect/dialect.go:61.45,62.30 1 1
github.com/jjeffery/sqlf/private/dialect/dialect.go:65.2,65.29 1 1
github.com/jjeffery/sqlf/private/dialect/dialect.go:62.30,64.3 1 1
github.com/jjeffery/sqlf/private/dialect/dialect.go:81.67,82.34 1 1
github.com/jjeffery/sqlf/private/dialect/dialect.go:82.34,84.46 2 1
github.com/jjeffery/sqlf/private/dialect/dialect.go:89.3,89.34 1 1
github.com/jjeffery/sqlf/private/dialect/dialect.go:84.46,88.4 3 1
github.com/jjeffery/sqlf/private/dialect/dialect.go:93.56,94.28 1 1
github.com/jjeffery/sqlf/private/dialect/dialect.go:94.28,96.3 1 1
